\\mac\home\documents\visual studio 2015\projects\particle-system\release\particle-system.exe
\\mac\home\documents\visual studio 2015\projects\particle-system\release\particle-system.ipdb
\\mac\home\documents\visual studio 2015\projects\particle-system\release\particle-system.iobj
\\mac\home\documents\visual studio 2015\projects\particle-system\release\particle-system.pdb
\\mac\home\documents\visual studio 2015\projects\particle-system\particle-system\release\vc140.pdb
\\mac\home\documents\visual studio 2015\projects\particle-system\particle-system\release\wall.nativecodeanalysis.xml
\\mac\home\documents\visual studio 2015\projects\particle-system\particle-system\release\utility.nativecodeanalysis.xml
\\mac\home\documents\visual studio 2015\projects\particle-system\particle-system\release\tree.nativecodeanalysis.xml
\\mac\home\documents\visual studio 2015\projects\particle-system\particle-system\release\main.nativecodeanalysis.xml
\\mac\home\documents\visual studio 2015\projects\particle-system\particle-system\release\sky.nativecodeanalysis.xml
\\mac\home\documents\visual studio 2015\projects\particle-system\particle-system\release\particle.nativecodeanalysis.xml
\\mac\home\documents\visual studio 2015\projects\particle-system\particle-system\release\objloader.nativecodeanalysis.xml
\\mac\home\documents\visual studio 2015\projects\particle-system\particle-system\release\ground.nativecodeanalysis.xml
\\mac\home\documents\visual studio 2015\projects\particle-system\particle-system\release\fence.nativecodeanalysis.xml
\\mac\home\documents\visual studio 2015\projects\particle-system\particle-system\release\camera.nativecodeanalysis.xml
\\mac\home\documents\visual studio 2015\projects\particle-system\particle-system\release\camera.obj
\\mac\home\documents\visual studio 2015\projects\particle-system\particle-system\release\fence.obj
\\mac\home\documents\visual studio 2015\projects\particle-system\particle-system\release\ground.obj
\\mac\home\documents\visual studio 2015\projects\particle-system\particle-system\release\objloader.obj
\\mac\home\documents\visual studio 2015\projects\particle-system\particle-system\release\particle.obj
\\mac\home\documents\visual studio 2015\projects\particle-system\particle-system\release\sky.obj
\\mac\home\documents\visual studio 2015\projects\particle-system\particle-system\release\main.obj
\\mac\home\documents\visual studio 2015\projects\particle-system\particle-system\release\tree.obj
\\mac\home\documents\visual studio 2015\projects\particle-system\particle-system\release\utility.obj
\\mac\home\documents\visual studio 2015\projects\particle-system\particle-system\release\wall.obj
\\mac\home\documents\visual studio 2015\projects\particle-system\particle-system\release\nativecodeanalysis.read.1.tlog
\\mac\home\documents\visual studio 2015\projects\particle-system\particle-system\release\vc.nativecodeanalysis.all.xml
\\mac\home\documents\visual studio 2015\projects\particle-system\release\particle-system.exe.lastcodeanalysissucceeded
\\mac\home\documents\visual studio 2015\projects\particle-system\particle-system\release\particle-system.tlog\link.read.1.tlog
\\mac\home\documents\visual studio 2015\projects\particle-system\particle-system\release\particle-system.tlog\link.command.1.tlog
\\mac\home\documents\visual studio 2015\projects\particle-system\particle-system\release\particle-system.tlog\link.write.1.tlog
\\mac\home\documents\visual studio 2015\projects\particle-system\particle-system\release\particle-system.tlog\cl.read.1.tlog
\\mac\home\documents\visual studio 2015\projects\particle-system\particle-system\release\particle-system.tlog\cl.command.1.tlog
\\mac\home\documents\visual studio 2015\projects\particle-system\particle-system\release\particle-system.tlog\cl.write.1.tlog
