\\mac\home\documents\visual studio 2015\projects\particle-system\particle-system\debug\vc140.pdb
\\mac\home\documents\visual studio 2015\projects\particle-system\particle-system\debug\vc140.idb
\\mac\home\documents\visual studio 2015\projects\particle-system\particle-system\debug\camera.obj
\\mac\home\documents\visual studio 2015\projects\particle-system\particle-system\debug\fence.obj
\\mac\home\documents\visual studio 2015\projects\particle-system\particle-system\debug\fluid.obj
\\mac\home\documents\visual studio 2015\projects\particle-system\particle-system\debug\ground.obj
\\mac\home\documents\visual studio 2015\projects\particle-system\particle-system\debug\objloader.obj
\\mac\home\documents\visual studio 2015\projects\particle-system\particle-system\debug\particle2.obj
\\mac\home\documents\visual studio 2015\projects\particle-system\particle-system\debug\sky.obj
\\mac\home\documents\visual studio 2015\projects\particle-system\particle-system\debug\terrain.obj
\\mac\home\documents\visual studio 2015\projects\particle-system\particle-system\debug\test.obj
\\mac\home\documents\visual studio 2015\projects\particle-system\particle-system\debug\tree.obj
\\mac\home\documents\visual studio 2015\projects\particle-system\particle-system\debug\utility.obj
\\mac\home\documents\visual studio 2015\projects\particle-system\particle-system\debug\wall.obj
\\mac\home\documents\visual studio 2015\projects\particle-system\debug\particle-system.pdb
\\mac\home\documents\visual studio 2015\projects\particle-system\particle-system\debug\particle-system.tlog\link.read.1.tlog
\\mac\home\documents\visual studio 2015\projects\particle-system\particle-system\debug\particle-system.tlog\link.command.1.tlog
\\mac\home\documents\visual studio 2015\projects\particle-system\particle-system\debug\particle-system.tlog\link.write.1.tlog
\\mac\home\documents\visual studio 2015\projects\particle-system\particle-system\debug\particle-system.tlog\cl.read.1.tlog
\\mac\home\documents\visual studio 2015\projects\particle-system\particle-system\debug\particle-system.tlog\cl.command.1.tlog
\\mac\home\documents\visual studio 2015\projects\particle-system\particle-system\debug\particle-system.tlog\cl.write.1.tlog
